rake aborted!
Errno::ETIMEDOUT: Operation timed out - SSL_connect
/Users/zhangjingyuan/Desktop/project2_610220/lib/tasks/data.rake:46:in `block in retrieve_forecast'
/Users/zhangjingyuan/Desktop/project2_610220/lib/tasks/data.rake:44:in `each'
/Users/zhangjingyuan/Desktop/project2_610220/lib/tasks/data.rake:44:in `retrieve_forecast'
/Users/zhangjingyuan/Desktop/project2_610220/lib/tasks/data.rake:15:in `block (2 levels) in <top (required)>'
Tasks: TOP => data:fetch
(See full trace by running task with --trace)
rake aborted!
NoMethodError: undefined method `each' for nil:NilClass
/Users/zhangjingyuan/Desktop/project2_610220/app/controllers/weather_controller.rb:60:in `retrieve_forecast'
/Users/zhangjingyuan/Desktop/project2_610220/lib/tasks/data.rake:17:in `block (2 levels) in <top (required)>'
Tasks: TOP => data:fetch
(See full trace by running task with --trace)
rake aborted!
NoMethodError: private method `retrieve_bom' called for #<WeatherController:0x007ffc008f1ed0>
/Users/zhangjingyuan/Desktop/project2_610220/lib/tasks/data.rake:20:in `block (2 levels) in <top (required)>'
Tasks: TOP => data:fetch
(See full trace by running task with --trace)
rake aborted!
NoMethodError: undefined method `each' for nil:NilClass
/Users/zhangjingyuan/Desktop/project2_610220/app/controllers/weather_controller.rb:60:in `retrieve_forecast'
/Users/zhangjingyuan/Desktop/project2_610220/lib/tasks/data.rake:17:in `block (2 levels) in <top (required)>'
Tasks: TOP => data:fetch
(See full trace by running task with --trace)
rake aborted!
NoMethodError: undefined method `each' for nil:NilClass
/Users/zhangjingyuan/Desktop/project2_610220/app/controllers/weather_controller.rb:60:in `retrieve_forecast'
/Users/zhangjingyuan/Desktop/project2_610220/lib/tasks/data.rake:17:in `block (2 levels) in <top (required)>'
Tasks: TOP => data:fetch
(See full trace by running task with --trace)
rake aborted!
ActiveRecord::StatementInvalid: SQLite3::ReadOnlyException: attempt to write a readonly database: INSERT INTO "rainfalls" ("amount", "created_at", "updated_at") VALUES (?, ?, ?)
/Users/zhangjingyuan/Desktop/project2_610220/vendor/cache/ruby/2.1.0/gems/sqlite3-1.3.10/lib/sqlite3/statement.rb:108:in `step'
/Users/zhangjingyuan/Desktop/project2_610220/vendor/cache/ruby/2.1.0/gems/sqlite3-1.3.10/lib/sqlite3/statement.rb:108:in `block in each'
/Users/zhangjingyuan/Desktop/project2_610220/vendor/cache/ruby/2.1.0/gems/sqlite3-1.3.10/lib/sqlite3/statement.rb:107:in `loop'
/Users/zhangjingyuan/Desktop/project2_610220/vendor/cache/ruby/2.1.0/gems/sqlite3-1.3.10/lib/sqlite3/statement.rb:107:in `each'
/Users/zhangjingyuan/Desktop/project2_610220/vendor/cache/ruby/2.1.0/gems/activerecord-4.2.1/lib/active_record/connection_adapters/sqlite3_adapter.rb:314:in `to_a'
/Users/zhangjingyuan/Desktop/project2_610220/vendor/cache/ruby/2.1.0/gems/activerecord-4.2.1/lib/active_record/connection_adapters/sqlite3_adapter.rb:314:in `block in exec_query'
/Users/zhangjingyuan/Desktop/project2_610220/vendor/cache/ruby/2.1.0/gems/activerecord-4.2.1/lib/active_record/connection_adapters/abstract_adapter.rb:473:in `block in log'
/Users/zhangjingyuan/Desktop/project2_610220/vendor/cache/ruby/2.1.0/gems/activesupport-4.2.1/lib/active_support/notifications/instrumenter.rb:20:in `instrument'
/Users/zhangjingyuan/Desktop/project2_610220/vendor/cache/ruby/2.1.0/gems/activerecord-4.2.1/lib/active_record/connection_adapters/abstract_adapter.rb:467:in `log'
/Users/zhangjingyuan/Desktop/project2_610220/vendor/cache/ruby/2.1.0/gems/activerecord-4.2.1/lib/active_record/connection_adapters/sqlite3_adapter.rb:293:in `exec_query'
/Users/zhangjingyuan/Desktop/project2_610220/vendor/cache/ruby/2.1.0/gems/activerecord-4.2.1/lib/active_record/connection_adapters/abstract/database_statements.rb:76:in `exec_insert'
/Users/zhangjingyuan/Desktop/project2_610220/vendor/cache/ruby/2.1.0/gems/activerecord-4.2.1/lib/active_record/connection_adapters/abstract/database_statements.rb:108:in `insert'
/Users/zhangjingyuan/Desktop/project2_610220/vendor/cache/ruby/2.1.0/gems/activerecord-4.2.1/lib/active_record/connection_adapters/abstract/query_cache.rb:14:in `insert'
/Users/zhangjingyuan/Desktop/project2_610220/vendor/cache/ruby/2.1.0/gems/activerecord-4.2.1/lib/active_record/relation.rb:64:in `insert'
/Users/zhangjingyuan/Desktop/project2_610220/vendor/cache/ruby/2.1.0/gems/activerecord-4.2.1/lib/active_record/persistence.rb:522:in `_create_record'
/Users/zhangjingyuan/Desktop/project2_610220/vendor/cache/ruby/2.1.0/gems/activerecord-4.2.1/lib/active_record/counter_cache.rb:139:in `_create_record'
/Users/zhangjingyuan/Desktop/project2_610220/vendor/cache/ruby/2.1.0/gems/activerecord-4.2.1/lib/active_record/locking/optimistic.rb:75:in `_create_record'
/Users/zhangjingyuan/Desktop/project2_610220/vendor/cache/ruby/2.1.0/gems/activerecord-4.2.1/lib/active_record/attribute_methods/dirty.rb:131:in `_create_record'
/Users/zhangjingyuan/Desktop/project2_610220/vendor/cache/ruby/2.1.0/gems/activerecord-4.2.1/lib/active_record/callbacks.rb:306:in `block in _create_record'
/Users/zhangjingyuan/Desktop/project2_610220/vendor/cache/ruby/2.1.0/gems/activesupport-4.2.1/lib/active_support/callbacks.rb:88:in `call'
/Users/zhangjingyuan/Desktop/project2_610220/vendor/cache/ruby/2.1.0/gems/activesupport-4.2.1/lib/active_support/callbacks.rb:88:in `_run_callbacks'
/Users/zhangjingyuan/Desktop/project2_610220/vendor/cache/ruby/2.1.0/gems/activesupport-4.2.1/lib/active_support/callbacks.rb:776:in `_run_create_callbacks'
/Users/zhangjingyuan/Desktop/project2_610220/vendor/cache/ruby/2.1.0/gems/activerecord-4.2.1/lib/active_record/callbacks.rb:306:in `_create_record'
/Users/zhangjingyuan/Desktop/project2_610220/vendor/cache/ruby/2.1.0/gems/activerecord-4.2.1/lib/active_record/timestamp.rb:57:in `_create_record'
/Users/zhangjingyuan/Desktop/project2_610220/vendor/cache/ruby/2.1.0/gems/activerecord-4.2.1/lib/active_record/persistence.rb:502:in `create_or_update'
/Users/zhangjingyuan/Desktop/project2_610220/vendor/cache/ruby/2.1.0/gems/activerecord-4.2.1/lib/active_record/callbacks.rb:302:in `block in create_or_update'
/Users/zhangjingyuan/Desktop/project2_610220/vendor/cache/ruby/2.1.0/gems/activesupport-4.2.1/lib/active_support/callbacks.rb:88:in `call'
/Users/zhangjingyuan/Desktop/project2_610220/vendor/cache/ruby/2.1.0/gems/activesupport-4.2.1/lib/active_support/callbacks.rb:88:in `_run_callbacks'
/Users/zhangjingyuan/Desktop/project2_610220/vendor/cache/ruby/2.1.0/gems/activesupport-4.2.1/lib/active_support/callbacks.rb:776:in `_run_save_callbacks'
/Users/zhangjingyuan/Desktop/project2_610220/vendor/cache/ruby/2.1.0/gems/activerecord-4.2.1/lib/active_record/callbacks.rb:302:in `create_or_update'
/Users/zhangjingyuan/Desktop/project2_610220/vendor/cache/ruby/2.1.0/gems/activerecord-4.2.1/lib/active_record/persistence.rb:120:in `save'
/Users/zhangjingyuan/Desktop/project2_610220/vendor/cache/ruby/2.1.0/gems/activerecord-4.2.1/lib/active_record/validations.rb:37:in `save'
/Users/zhangjingyuan/Desktop/project2_610220/vendor/cache/ruby/2.1.0/gems/activerecord-4.2.1/lib/active_record/attribute_methods/dirty.rb:21:in `save'
/Users/zhangjingyuan/Desktop/project2_610220/vendor/cache/ruby/2.1.0/gems/activerecord-4.2.1/lib/active_record/transactions.rb:286:in `block (2 levels) in save'
/Users/zhangjingyuan/Desktop/project2_610220/vendor/cache/ruby/2.1.0/gems/activerecord-4.2.1/lib/active_record/transactions.rb:347:in `block in with_transaction_returning_status'
/Users/zhangjingyuan/Desktop/project2_610220/vendor/cache/ruby/2.1.0/gems/activerecord-4.2.1/lib/active_record/connection_adapters/abstract/database_statements.rb:211:in `transaction'
/Users/zhangjingyuan/Desktop/project2_610220/vendor/cache/ruby/2.1.0/gems/activerecord-4.2.1/lib/active_record/transactions.rb:220:in `transaction'
/Users/zhangjingyuan/Desktop/project2_610220/vendor/cache/ruby/2.1.0/gems/activerecord-4.2.1/lib/active_record/transactions.rb:344:in `with_transaction_returning_status'
/Users/zhangjingyuan/Desktop/project2_610220/vendor/cache/ruby/2.1.0/gems/activerecord-4.2.1/lib/active_record/transactions.rb:286:in `block in save'
/Users/zhangjingyuan/Desktop/project2_610220/vendor/cache/ruby/2.1.0/gems/activerecord-4.2.1/lib/active_record/transactions.rb:301:in `rollback_active_record_state!'
/Users/zhangjingyuan/Desktop/project2_610220/vendor/cache/ruby/2.1.0/gems/activerecord-4.2.1/lib/active_record/transactions.rb:285:in `save'
/Users/zhangjingyuan/Desktop/project2_610220/vendor/cache/ruby/2.1.0/gems/activerecord-4.2.1/lib/active_record/autosave_association.rb:441:in `save_belongs_to_association'
/Users/zhangjingyuan/Desktop/project2_610220/vendor/cache/ruby/2.1.0/gems/activerecord-4.2.1/lib/active_record/autosave_association.rb:201:in `block in add_autosave_association_callbacks'
/Users/zhangjingyuan/Desktop/project2_610220/vendor/cache/ruby/2.1.0/gems/activerecord-4.2.1/lib/active_record/autosave_association.rb:157:in `instance_eval'
/Users/zhangjingyuan/Desktop/project2_610220/vendor/cache/ruby/2.1.0/gems/activerecord-4.2.1/lib/active_record/autosave_association.rb:157:in `block in define_non_cyclic_method'
/Users/zhangjingyuan/Desktop/project2_610220/vendor/cache/ruby/2.1.0/gems/activesupport-4.2.1/lib/active_support/callbacks.rb:432:in `block in make_lambda'
/Users/zhangjingyuan/Desktop/project2_610220/vendor/cache/ruby/2.1.0/gems/activesupport-4.2.1/lib/active_support/callbacks.rb:164:in `call'
/Users/zhangjingyuan/Desktop/project2_610220/vendor/cache/ruby/2.1.0/gems/activesupport-4.2.1/lib/active_support/callbacks.rb:164:in `block in halting'
/Users/zhangjingyuan/Desktop/project2_610220/vendor/cache/ruby/2.1.0/gems/activesupport-4.2.1/lib/active_support/callbacks.rb:504:in `call'
/Users/zhangjingyuan/Desktop/project2_610220/vendor/cache/ruby/2.1.0/gems/activesupport-4.2.1/lib/active_support/callbacks.rb:504:in `block in call'
/Users/zhangjingyuan/Desktop/project2_610220/vendor/cache/ruby/2.1.0/gems/activesupport-4.2.1/lib/active_support/callbacks.rb:504:in `each'
/Users/zhangjingyuan/Desktop/project2_610220/vendor/cache/ruby/2.1.0/gems/activesupport-4.2.1/lib/active_support/callbacks.rb:504:in `call'
/Users/zhangjingyuan/Desktop/project2_610220/vendor/cache/ruby/2.1.0/gems/activesupport-4.2.1/lib/active_support/callbacks.rb:92:in `_run_callbacks'
/Users/zhangjingyuan/Desktop/project2_610220/vendor/cache/ruby/2.1.0/gems/activesupport-4.2.1/lib/active_support/callbacks.rb:776:in `_run_save_callbacks'
/Users/zhangjingyuan/Desktop/project2_610220/vendor/cache/ruby/2.1.0/gems/activerecord-4.2.1/lib/active_record/callbacks.rb:302:in `create_or_update'
/Users/zhangjingyuan/Desktop/project2_610220/vendor/cache/ruby/2.1.0/gems/activerecord-4.2.1/lib/active_record/persistence.rb:120:in `save'
/Users/zhangjingyuan/Desktop/project2_610220/vendor/cache/ruby/2.1.0/gems/activerecord-4.2.1/lib/active_record/validations.rb:37:in `save'
/Users/zhangjingyuan/Desktop/project2_610220/vendor/cache/ruby/2.1.0/gems/activerecord-4.2.1/lib/active_record/attribute_methods/dirty.rb:21:in `save'
/Users/zhangjingyuan/Desktop/project2_610220/vendor/cache/ruby/2.1.0/gems/activerecord-4.2.1/lib/active_record/transactions.rb:286:in `block (2 levels) in save'
/Users/zhangjingyuan/Desktop/project2_610220/vendor/cache/ruby/2.1.0/gems/activerecord-4.2.1/lib/active_record/transactions.rb:347:in `block in with_transaction_returning_status'
/Users/zhangjingyuan/Desktop/project2_610220/vendor/cache/ruby/2.1.0/gems/activerecord-4.2.1/lib/active_record/connection_adapters/abstract/database_statements.rb:213:in `block in transaction'
/Users/zhangjingyuan/Desktop/project2_610220/vendor/cache/ruby/2.1.0/gems/activerecord-4.2.1/lib/active_record/connection_adapters/abstract/transaction.rb:188:in `within_new_transaction'
/Users/zhangjingyuan/Desktop/project2_610220/vendor/cache/ruby/2.1.0/gems/activerecord-4.2.1/lib/active_record/connection_adapters/abstract/database_statements.rb:213:in `transaction'
/Users/zhangjingyuan/Desktop/project2_610220/vendor/cache/ruby/2.1.0/gems/activerecord-4.2.1/lib/active_record/transactions.rb:220:in `transaction'
/Users/zhangjingyuan/Desktop/project2_610220/vendor/cache/ruby/2.1.0/gems/activerecord-4.2.1/lib/active_record/transactions.rb:344:in `with_transaction_returning_status'
/Users/zhangjingyuan/Desktop/project2_610220/vendor/cache/ruby/2.1.0/gems/activerecord-4.2.1/lib/active_record/transactions.rb:286:in `block in save'
/Users/zhangjingyuan/Desktop/project2_610220/vendor/cache/ruby/2.1.0/gems/activerecord-4.2.1/lib/active_record/transactions.rb:301:in `rollback_active_record_state!'
/Users/zhangjingyuan/Desktop/project2_610220/vendor/cache/ruby/2.1.0/gems/activerecord-4.2.1/lib/active_record/transactions.rb:285:in `save'
/Users/zhangjingyuan/Desktop/project2_610220/app/controllers/weather_controller.rb:84:in `block in retrieve_forecast'
/Users/zhangjingyuan/Desktop/project2_610220/app/controllers/weather_controller.rb:61:in `each'
/Users/zhangjingyuan/Desktop/project2_610220/app/controllers/weather_controller.rb:61:in `retrieve_forecast'
/Users/zhangjingyuan/Desktop/project2_610220/lib/tasks/data.rake:17:in `block (2 levels) in <top (required)>'
SQLite3::ReadOnlyException: attempt to write a readonly database
/Users/zhangjingyuan/Desktop/project2_610220/vendor/cache/ruby/2.1.0/gems/sqlite3-1.3.10/lib/sqlite3/statement.rb:108:in `step'
/Users/zhangjingyuan/Desktop/project2_610220/vendor/cache/ruby/2.1.0/gems/sqlite3-1.3.10/lib/sqlite3/statement.rb:108:in `block in each'
/Users/zhangjingyuan/Desktop/project2_610220/vendor/cache/ruby/2.1.0/gems/sqlite3-1.3.10/lib/sqlite3/statement.rb:107:in `loop'
/Users/zhangjingyuan/Desktop/project2_610220/vendor/cache/ruby/2.1.0/gems/sqlite3-1.3.10/lib/sqlite3/statement.rb:107:in `each'
/Users/zhangjingyuan/Desktop/project2_610220/vendor/cache/ruby/2.1.0/gems/activerecord-4.2.1/lib/active_record/connection_adapters/sqlite3_adapter.rb:314:in `to_a'
/Users/zhangjingyuan/Desktop/project2_610220/vendor/cache/ruby/2.1.0/gems/activerecord-4.2.1/lib/active_record/connection_adapters/sqlite3_adapter.rb:314:in `block in exec_query'
/Users/zhangjingyuan/Desktop/project2_610220/vendor/cache/ruby/2.1.0/gems/activerecord-4.2.1/lib/active_record/connection_adapters/abstract_adapter.rb:473:in `block in log'
/Users/zhangjingyuan/Desktop/project2_610220/vendor/cache/ruby/2.1.0/gems/activesupport-4.2.1/lib/active_support/notifications/instrumenter.rb:20:in `instrument'
/Users/zhangjingyuan/Desktop/project2_610220/vendor/cache/ruby/2.1.0/gems/activerecord-4.2.1/lib/active_record/connection_adapters/abstract_adapter.rb:467:in `log'
/Users/zhangjingyuan/Desktop/project2_610220/vendor/cache/ruby/2.1.0/gems/activerecord-4.2.1/lib/active_record/connection_adapters/sqlite3_adapter.rb:293:in `exec_query'
/Users/zhangjingyuan/Desktop/project2_610220/vendor/cache/ruby/2.1.0/gems/activerecord-4.2.1/lib/active_record/connection_adapters/abstract/database_statements.rb:76:in `exec_insert'
/Users/zhangjingyuan/Desktop/project2_610220/vendor/cache/ruby/2.1.0/gems/activerecord-4.2.1/lib/active_record/connection_adapters/abstract/database_statements.rb:108:in `insert'
/Users/zhangjingyuan/Desktop/project2_610220/vendor/cache/ruby/2.1.0/gems/activerecord-4.2.1/lib/active_record/connection_adapters/abstract/query_cache.rb:14:in `insert'
/Users/zhangjingyuan/Desktop/project2_610220/vendor/cache/ruby/2.1.0/gems/activerecord-4.2.1/lib/active_record/relation.rb:64:in `insert'
/Users/zhangjingyuan/Desktop/project2_610220/vendor/cache/ruby/2.1.0/gems/activerecord-4.2.1/lib/active_record/persistence.rb:522:in `_create_record'
/Users/zhangjingyuan/Desktop/project2_610220/vendor/cache/ruby/2.1.0/gems/activerecord-4.2.1/lib/active_record/counter_cache.rb:139:in `_create_record'
/Users/zhangjingyuan/Desktop/project2_610220/vendor/cache/ruby/2.1.0/gems/activerecord-4.2.1/lib/active_record/locking/optimistic.rb:75:in `_create_record'
/Users/zhangjingyuan/Desktop/project2_610220/vendor/cache/ruby/2.1.0/gems/activerecord-4.2.1/lib/active_record/attribute_methods/dirty.rb:131:in `_create_record'
/Users/zhangjingyuan/Desktop/project2_610220/vendor/cache/ruby/2.1.0/gems/activerecord-4.2.1/lib/active_record/callbacks.rb:306:in `block in _create_record'
/Users/zhangjingyuan/Desktop/project2_610220/vendor/cache/ruby/2.1.0/gems/activesupport-4.2.1/lib/active_support/callbacks.rb:88:in `call'
/Users/zhangjingyuan/Desktop/project2_610220/vendor/cache/ruby/2.1.0/gems/activesupport-4.2.1/lib/active_support/callbacks.rb:88:in `_run_callbacks'
/Users/zhangjingyuan/Desktop/project2_610220/vendor/cache/ruby/2.1.0/gems/activesupport-4.2.1/lib/active_support/callbacks.rb:776:in `_run_create_callbacks'
/Users/zhangjingyuan/Desktop/project2_610220/vendor/cache/ruby/2.1.0/gems/activerecord-4.2.1/lib/active_record/callbacks.rb:306:in `_create_record'
/Users/zhangjingyuan/Desktop/project2_610220/vendor/cache/ruby/2.1.0/gems/activerecord-4.2.1/lib/active_record/timestamp.rb:57:in `_create_record'
/Users/zhangjingyuan/Desktop/project2_610220/vendor/cache/ruby/2.1.0/gems/activerecord-4.2.1/lib/active_record/persistence.rb:502:in `create_or_update'
/Users/zhangjingyuan/Desktop/project2_610220/vendor/cache/ruby/2.1.0/gems/activerecord-4.2.1/lib/active_record/callbacks.rb:302:in `block in create_or_update'
/Users/zhangjingyuan/Desktop/project2_610220/vendor/cache/ruby/2.1.0/gems/activesupport-4.2.1/lib/active_support/callbacks.rb:88:in `call'
/Users/zhangjingyuan/Desktop/project2_610220/vendor/cache/ruby/2.1.0/gems/activesupport-4.2.1/lib/active_support/callbacks.rb:88:in `_run_callbacks'
/Users/zhangjingyuan/Desktop/project2_610220/vendor/cache/ruby/2.1.0/gems/activesupport-4.2.1/lib/active_support/callbacks.rb:776:in `_run_save_callbacks'
/Users/zhangjingyuan/Desktop/project2_610220/vendor/cache/ruby/2.1.0/gems/activerecord-4.2.1/lib/active_record/callbacks.rb:302:in `create_or_update'
/Users/zhangjingyuan/Desktop/project2_610220/vendor/cache/ruby/2.1.0/gems/activerecord-4.2.1/lib/active_record/persistence.rb:120:in `save'
/Users/zhangjingyuan/Desktop/project2_610220/vendor/cache/ruby/2.1.0/gems/activerecord-4.2.1/lib/active_record/validations.rb:37:in `save'
/Users/zhangjingyuan/Desktop/project2_610220/vendor/cache/ruby/2.1.0/gems/activerecord-4.2.1/lib/active_record/attribute_methods/dirty.rb:21:in `save'
/Users/zhangjingyuan/Desktop/project2_610220/vendor/cache/ruby/2.1.0/gems/activerecord-4.2.1/lib/active_record/transactions.rb:286:in `block (2 levels) in save'
/Users/zhangjingyuan/Desktop/project2_610220/vendor/cache/ruby/2.1.0/gems/activerecord-4.2.1/lib/active_record/transactions.rb:347:in `block in with_transaction_returning_status'
/Users/zhangjingyuan/Desktop/project2_610220/vendor/cache/ruby/2.1.0/gems/activerecord-4.2.1/lib/active_record/connection_adapters/abstract/database_statements.rb:211:in `transaction'
/Users/zhangjingyuan/Desktop/project2_610220/vendor/cache/ruby/2.1.0/gems/activerecord-4.2.1/lib/active_record/transactions.rb:220:in `transaction'
/Users/zhangjingyuan/Desktop/project2_610220/vendor/cache/ruby/2.1.0/gems/activerecord-4.2.1/lib/active_record/transactions.rb:344:in `with_transaction_returning_status'
/Users/zhangjingyuan/Desktop/project2_610220/vendor/cache/ruby/2.1.0/gems/activerecord-4.2.1/lib/active_record/transactions.rb:286:in `block in save'
/Users/zhangjingyuan/Desktop/project2_610220/vendor/cache/ruby/2.1.0/gems/activerecord-4.2.1/lib/active_record/transactions.rb:301:in `rollback_active_record_state!'
/Users/zhangjingyuan/Desktop/project2_610220/vendor/cache/ruby/2.1.0/gems/activerecord-4.2.1/lib/active_record/transactions.rb:285:in `save'
/Users/zhangjingyuan/Desktop/project2_610220/vendor/cache/ruby/2.1.0/gems/activerecord-4.2.1/lib/active_record/autosave_association.rb:441:in `save_belongs_to_association'
/Users/zhangjingyuan/Desktop/project2_610220/vendor/cache/ruby/2.1.0/gems/activerecord-4.2.1/lib/active_record/autosave_association.rb:201:in `block in add_autosave_association_callbacks'
/Users/zhangjingyuan/Desktop/project2_610220/vendor/cache/ruby/2.1.0/gems/activerecord-4.2.1/lib/active_record/autosave_association.rb:157:in `instance_eval'
/Users/zhangjingyuan/Desktop/project2_610220/vendor/cache/ruby/2.1.0/gems/activerecord-4.2.1/lib/active_record/autosave_association.rb:157:in `block in define_non_cyclic_method'
/Users/zhangjingyuan/Desktop/project2_610220/vendor/cache/ruby/2.1.0/gems/activesupport-4.2.1/lib/active_support/callbacks.rb:432:in `block in make_lambda'
/Users/zhangjingyuan/Desktop/project2_610220/vendor/cache/ruby/2.1.0/gems/activesupport-4.2.1/lib/active_support/callbacks.rb:164:in `call'
/Users/zhangjingyuan/Desktop/project2_610220/vendor/cache/ruby/2.1.0/gems/activesupport-4.2.1/lib/active_support/callbacks.rb:164:in `block in halting'
/Users/zhangjingyuan/Desktop/project2_610220/vendor/cache/ruby/2.1.0/gems/activesupport-4.2.1/lib/active_support/callbacks.rb:504:in `call'
/Users/zhangjingyuan/Desktop/project2_610220/vendor/cache/ruby/2.1.0/gems/activesupport-4.2.1/lib/active_support/callbacks.rb:504:in `block in call'
/Users/zhangjingyuan/Desktop/project2_610220/vendor/cache/ruby/2.1.0/gems/activesupport-4.2.1/lib/active_support/callbacks.rb:504:in `each'
/Users/zhangjingyuan/Desktop/project2_610220/vendor/cache/ruby/2.1.0/gems/activesupport-4.2.1/lib/active_support/callbacks.rb:504:in `call'
/Users/zhangjingyuan/Desktop/project2_610220/vendor/cache/ruby/2.1.0/gems/activesupport-4.2.1/lib/active_support/callbacks.rb:92:in `_run_callbacks'
/Users/zhangjingyuan/Desktop/project2_610220/vendor/cache/ruby/2.1.0/gems/activesupport-4.2.1/lib/active_support/callbacks.rb:776:in `_run_save_callbacks'
/Users/zhangjingyuan/Desktop/project2_610220/vendor/cache/ruby/2.1.0/gems/activerecord-4.2.1/lib/active_record/callbacks.rb:302:in `create_or_update'
/Users/zhangjingyuan/Desktop/project2_610220/vendor/cache/ruby/2.1.0/gems/activerecord-4.2.1/lib/active_record/persistence.rb:120:in `save'
/Users/zhangjingyuan/Desktop/project2_610220/vendor/cache/ruby/2.1.0/gems/activerecord-4.2.1/lib/active_record/validations.rb:37:in `save'
/Users/zhangjingyuan/Desktop/project2_610220/vendor/cache/ruby/2.1.0/gems/activerecord-4.2.1/lib/active_record/attribute_methods/dirty.rb:21:in `save'
/Users/zhangjingyuan/Desktop/project2_610220/vendor/cache/ruby/2.1.0/gems/activerecord-4.2.1/lib/active_record/transactions.rb:286:in `block (2 levels) in save'
/Users/zhangjingyuan/Desktop/project2_610220/vendor/cache/ruby/2.1.0/gems/activerecord-4.2.1/lib/active_record/transactions.rb:347:in `block in with_transaction_returning_status'
/Users/zhangjingyuan/Desktop/project2_610220/vendor/cache/ruby/2.1.0/gems/activerecord-4.2.1/lib/active_record/connection_adapters/abstract/database_statements.rb:213:in `block in transaction'
/Users/zhangjingyuan/Desktop/project2_610220/vendor/cache/ruby/2.1.0/gems/activerecord-4.2.1/lib/active_record/connection_adapters/abstract/transaction.rb:188:in `within_new_transaction'
/Users/zhangjingyuan/Desktop/project2_610220/vendor/cache/ruby/2.1.0/gems/activerecord-4.2.1/lib/active_record/connection_adapters/abstract/database_statements.rb:213:in `transaction'
/Users/zhangjingyuan/Desktop/project2_610220/vendor/cache/ruby/2.1.0/gems/activerecord-4.2.1/lib/active_record/transactions.rb:220:in `transaction'
/Users/zhangjingyuan/Desktop/project2_610220/vendor/cache/ruby/2.1.0/gems/activerecord-4.2.1/lib/active_record/transactions.rb:344:in `with_transaction_returning_status'
/Users/zhangjingyuan/Desktop/project2_610220/vendor/cache/ruby/2.1.0/gems/activerecord-4.2.1/lib/active_record/transactions.rb:286:in `block in save'
/Users/zhangjingyuan/Desktop/project2_610220/vendor/cache/ruby/2.1.0/gems/activerecord-4.2.1/lib/active_record/transactions.rb:301:in `rollback_active_record_state!'
/Users/zhangjingyuan/Desktop/project2_610220/vendor/cache/ruby/2.1.0/gems/activerecord-4.2.1/lib/active_record/transactions.rb:285:in `save'
/Users/zhangjingyuan/Desktop/project2_610220/app/controllers/weather_controller.rb:84:in `block in retrieve_forecast'
/Users/zhangjingyuan/Desktop/project2_610220/app/controllers/weather_controller.rb:61:in `each'
/Users/zhangjingyuan/Desktop/project2_610220/app/controllers/weather_controller.rb:61:in `retrieve_forecast'
/Users/zhangjingyuan/Desktop/project2_610220/lib/tasks/data.rake:17:in `block (2 levels) in <top (required)>'
Tasks: TOP => data:fetch
(See full trace by running task with --trace)
rake aborted!
Errno::ETIMEDOUT: Operation timed out - connect(2) for "www.bom.gov.au" port 80
/Users/zhangjingyuan/Desktop/project2_610220/app/controllers/weather_controller.rb:18:in `block in retrieve_bom'
/Users/zhangjingyuan/Desktop/project2_610220/vendor/cache/ruby/2.1.0/gems/activerecord-4.2.1/lib/active_record/relation/delegation.rb:46:in `each'
/Users/zhangjingyuan/Desktop/project2_610220/vendor/cache/ruby/2.1.0/gems/activerecord-4.2.1/lib/active_record/relation/delegation.rb:46:in `each'
/Users/zhangjingyuan/Desktop/project2_610220/app/controllers/weather_controller.rb:15:in `retrieve_bom'
/Users/zhangjingyuan/Desktop/project2_610220/lib/tasks/data.rake:16:in `block (2 levels) in <top (required)>'
Tasks: TOP => data:fetch
(See full trace by running task with --trace)
rake aborted!
Errno::ETIMEDOUT: Operation timed out - connect(2) for "www.bom.gov.au" port 80
/Users/zhangjingyuan/Desktop/project2_610220/app/controllers/weather_controller.rb:17:in `block in retrieve_bom'
/Users/zhangjingyuan/Desktop/project2_610220/vendor/cache/ruby/2.1.0/gems/activerecord-4.2.1/lib/active_record/relation/delegation.rb:46:in `each'
/Users/zhangjingyuan/Desktop/project2_610220/vendor/cache/ruby/2.1.0/gems/activerecord-4.2.1/lib/active_record/relation/delegation.rb:46:in `each'
/Users/zhangjingyuan/Desktop/project2_610220/app/controllers/weather_controller.rb:15:in `retrieve_bom'
/Users/zhangjingyuan/Desktop/project2_610220/lib/tasks/data.rake:16:in `block (2 levels) in <top (required)>'
Tasks: TOP => data:fetch
(See full trace by running task with --trace)
rake aborted!
Errno::ETIMEDOUT: Operation timed out - connect(2) for "www.bom.gov.au" port 80
/Users/zhangjingyuan/Desktop/project2_610220/app/controllers/weather_controller.rb:17:in `block in retrieve_bom'
/Users/zhangjingyuan/Desktop/project2_610220/vendor/cache/ruby/2.1.0/gems/activerecord-4.2.1/lib/active_record/relation/delegation.rb:46:in `each'
/Users/zhangjingyuan/Desktop/project2_610220/vendor/cache/ruby/2.1.0/gems/activerecord-4.2.1/lib/active_record/relation/delegation.rb:46:in `each'
/Users/zhangjingyuan/Desktop/project2_610220/app/controllers/weather_controller.rb:15:in `retrieve_bom'
/Users/zhangjingyuan/Desktop/project2_610220/lib/tasks/data.rake:16:in `block (2 levels) in <top (required)>'
Tasks: TOP => data:fetch
(See full trace by running task with --trace)
rake aborted!
Errno::ETIMEDOUT: Operation timed out - connect(2) for "www.bom.gov.au" port 80
/Users/zhangjingyuan/Desktop/project2_610220/app/controllers/weather_controller.rb:24:in `block (2 levels) in retrieve_bom'
/Users/zhangjingyuan/Desktop/project2_610220/vendor/cache/ruby/2.1.0/gems/nokogiri-1.6.6.2/lib/nokogiri/xml/node_set.rb:187:in `block in each'
/Users/zhangjingyuan/Desktop/project2_610220/vendor/cache/ruby/2.1.0/gems/nokogiri-1.6.6.2/lib/nokogiri/xml/node_set.rb:186:in `upto'
/Users/zhangjingyuan/Desktop/project2_610220/vendor/cache/ruby/2.1.0/gems/nokogiri-1.6.6.2/lib/nokogiri/xml/node_set.rb:186:in `each'
/Users/zhangjingyuan/Desktop/project2_610220/app/controllers/weather_controller.rb:19:in `block in retrieve_bom'
/Users/zhangjingyuan/Desktop/project2_610220/vendor/cache/ruby/2.1.0/gems/activerecord-4.2.1/lib/active_record/relation/delegation.rb:46:in `each'
/Users/zhangjingyuan/Desktop/project2_610220/vendor/cache/ruby/2.1.0/gems/activerecord-4.2.1/lib/active_record/relation/delegation.rb:46:in `each'
/Users/zhangjingyuan/Desktop/project2_610220/app/controllers/weather_controller.rb:15:in `retrieve_bom'
/Users/zhangjingyuan/Desktop/project2_610220/lib/tasks/data.rake:16:in `block (2 levels) in <top (required)>'
Tasks: TOP => data:fetch
(See full trace by running task with --trace)
rake aborted!
Errno::ETIMEDOUT: Operation timed out - connect(2) for "www.bom.gov.au" port 80
/Users/zhangjingyuan/Desktop/project2_610220/app/controllers/weather_controller.rb:24:in `block (2 levels) in retrieve_bom'
/Users/zhangjingyuan/Desktop/project2_610220/vendor/cache/ruby/2.1.0/gems/nokogiri-1.6.6.2/lib/nokogiri/xml/node_set.rb:187:in `block in each'
/Users/zhangjingyuan/Desktop/project2_610220/vendor/cache/ruby/2.1.0/gems/nokogiri-1.6.6.2/lib/nokogiri/xml/node_set.rb:186:in `upto'
/Users/zhangjingyuan/Desktop/project2_610220/vendor/cache/ruby/2.1.0/gems/nokogiri-1.6.6.2/lib/nokogiri/xml/node_set.rb:186:in `each'
/Users/zhangjingyuan/Desktop/project2_610220/app/controllers/weather_controller.rb:19:in `block in retrieve_bom'
/Users/zhangjingyuan/Desktop/project2_610220/vendor/cache/ruby/2.1.0/gems/activerecord-4.2.1/lib/active_record/relation/delegation.rb:46:in `each'
/Users/zhangjingyuan/Desktop/project2_610220/vendor/cache/ruby/2.1.0/gems/activerecord-4.2.1/lib/active_record/relation/delegation.rb:46:in `each'
/Users/zhangjingyuan/Desktop/project2_610220/app/controllers/weather_controller.rb:15:in `retrieve_bom'
/Users/zhangjingyuan/Desktop/project2_610220/lib/tasks/data.rake:16:in `block (2 levels) in <top (required)>'
Tasks: TOP => data:fetch
(See full trace by running task with --trace)
rake aborted!
Errno::ETIMEDOUT: Operation timed out - connect(2) for "www.bom.gov.au" port 80
/Users/zhangjingyuan/Desktop/project2_610220/app/controllers/weather_controller.rb:24:in `block (2 levels) in retrieve_bom'
/Users/zhangjingyuan/Desktop/project2_610220/vendor/cache/ruby/2.1.0/gems/nokogiri-1.6.6.2/lib/nokogiri/xml/node_set.rb:187:in `block in each'
/Users/zhangjingyuan/Desktop/project2_610220/vendor/cache/ruby/2.1.0/gems/nokogiri-1.6.6.2/lib/nokogiri/xml/node_set.rb:186:in `upto'
/Users/zhangjingyuan/Desktop/project2_610220/vendor/cache/ruby/2.1.0/gems/nokogiri-1.6.6.2/lib/nokogiri/xml/node_set.rb:186:in `each'
/Users/zhangjingyuan/Desktop/project2_610220/app/controllers/weather_controller.rb:19:in `block in retrieve_bom'
/Users/zhangjingyuan/Desktop/project2_610220/vendor/cache/ruby/2.1.0/gems/activerecord-4.2.1/lib/active_record/relation/delegation.rb:46:in `each'
/Users/zhangjingyuan/Desktop/project2_610220/vendor/cache/ruby/2.1.0/gems/activerecord-4.2.1/lib/active_record/relation/delegation.rb:46:in `each'
/Users/zhangjingyuan/Desktop/project2_610220/app/controllers/weather_controller.rb:15:in `retrieve_bom'
/Users/zhangjingyuan/Desktop/project2_610220/lib/tasks/data.rake:16:in `block (2 levels) in <top (required)>'
Tasks: TOP => data:fetch
(See full trace by running task with --trace)
rake aborted!
Errno::ETIMEDOUT: Operation timed out - connect(2) for "www.bom.gov.au" port 80
/Users/zhangjingyuan/Desktop/project2_610220/app/controllers/weather_controller.rb:24:in `block (2 levels) in retrieve_bom'
/Users/zhangjingyuan/Desktop/project2_610220/vendor/cache/ruby/2.1.0/gems/nokogiri-1.6.6.2/lib/nokogiri/xml/node_set.rb:187:in `block in each'
/Users/zhangjingyuan/Desktop/project2_610220/vendor/cache/ruby/2.1.0/gems/nokogiri-1.6.6.2/lib/nokogiri/xml/node_set.rb:186:in `upto'
/Users/zhangjingyuan/Desktop/project2_610220/vendor/cache/ruby/2.1.0/gems/nokogiri-1.6.6.2/lib/nokogiri/xml/node_set.rb:186:in `each'
/Users/zhangjingyuan/Desktop/project2_610220/app/controllers/weather_controller.rb:19:in `block in retrieve_bom'
/Users/zhangjingyuan/Desktop/project2_610220/vendor/cache/ruby/2.1.0/gems/activerecord-4.2.1/lib/active_record/relation/delegation.rb:46:in `each'
/Users/zhangjingyuan/Desktop/project2_610220/vendor/cache/ruby/2.1.0/gems/activerecord-4.2.1/lib/active_record/relation/delegation.rb:46:in `each'
/Users/zhangjingyuan/Desktop/project2_610220/app/controllers/weather_controller.rb:15:in `retrieve_bom'
/Users/zhangjingyuan/Desktop/project2_610220/lib/tasks/data.rake:16:in `block (2 levels) in <top (required)>'
Tasks: TOP => data:fetch
(See full trace by running task with --trace)
rake aborted!
SocketError: getaddrinfo: nodename nor servname provided, or not known
/Users/zhangjingyuan/Desktop/project2_610220/app/controllers/weather_controller.rb:17:in `block in retrieve_bom'
/Users/zhangjingyuan/Desktop/project2_610220/vendor/cache/ruby/2.1.0/gems/activerecord-4.2.1/lib/active_record/relation/delegation.rb:46:in `each'
/Users/zhangjingyuan/Desktop/project2_610220/vendor/cache/ruby/2.1.0/gems/activerecord-4.2.1/lib/active_record/relation/delegation.rb:46:in `each'
/Users/zhangjingyuan/Desktop/project2_610220/app/controllers/weather_controller.rb:15:in `retrieve_bom'
/Users/zhangjingyuan/Desktop/project2_610220/lib/tasks/data.rake:16:in `block (2 levels) in <top (required)>'
Tasks: TOP => data:fetch
(See full trace by running task with --trace)
rake aborted!
Errno::ETIMEDOUT: Operation timed out - connect(2) for "www.bom.gov.au" port 80
/Users/zhangjingyuan/Desktop/project2_610220/app/controllers/weather_controller.rb:17:in `block in retrieve_bom'
/Users/zhangjingyuan/Desktop/project2_610220/vendor/cache/ruby/2.1.0/gems/activerecord-4.2.1/lib/active_record/relation/delegation.rb:46:in `each'
/Users/zhangjingyuan/Desktop/project2_610220/vendor/cache/ruby/2.1.0/gems/activerecord-4.2.1/lib/active_record/relation/delegation.rb:46:in `each'
/Users/zhangjingyuan/Desktop/project2_610220/app/controllers/weather_controller.rb:15:in `retrieve_bom'
/Users/zhangjingyuan/Desktop/project2_610220/lib/tasks/data.rake:16:in `block (2 levels) in <top (required)>'
Tasks: TOP => data:fetch
(See full trace by running task with --trace)
rake aborted!
Errno::ETIMEDOUT: Operation timed out - connect(2) for "www.bom.gov.au" port 80
/Users/zhangjingyuan/Desktop/project2_610220/app/controllers/weather_controller.rb:17:in `block in retrieve_bom'
/Users/zhangjingyuan/Desktop/project2_610220/vendor/cache/ruby/2.1.0/gems/activerecord-4.2.1/lib/active_record/relation/delegation.rb:46:in `each'
/Users/zhangjingyuan/Desktop/project2_610220/vendor/cache/ruby/2.1.0/gems/activerecord-4.2.1/lib/active_record/relation/delegation.rb:46:in `each'
/Users/zhangjingyuan/Desktop/project2_610220/app/controllers/weather_controller.rb:15:in `retrieve_bom'
/Users/zhangjingyuan/Desktop/project2_610220/lib/tasks/data.rake:16:in `block (2 levels) in <top (required)>'
Tasks: TOP => data:fetch
(See full trace by running task with --trace)
rake aborted!
Errno::ETIMEDOUT: Operation timed out - connect(2) for "www.bom.gov.au" port 80
/Users/zhangjingyuan/Desktop/project2_610220/app/controllers/weather_controller.rb:17:in `block in retrieve_bom'
/Users/zhangjingyuan/Desktop/project2_610220/vendor/cache/ruby/2.1.0/gems/activerecord-4.2.1/lib/active_record/relation/delegation.rb:46:in `each'
/Users/zhangjingyuan/Desktop/project2_610220/vendor/cache/ruby/2.1.0/gems/activerecord-4.2.1/lib/active_record/relation/delegation.rb:46:in `each'
/Users/zhangjingyuan/Desktop/project2_610220/app/controllers/weather_controller.rb:15:in `retrieve_bom'
/Users/zhangjingyuan/Desktop/project2_610220/lib/tasks/data.rake:16:in `block (2 levels) in <top (required)>'
Tasks: TOP => data:fetch
(See full trace by running task with --trace)
rake aborted!
ActiveRecord::StatementInvalid: SQLite3::ReadOnlyException: attempt to write a readonly database: INSERT INTO "rainfalls" ("amount", "created_at", "updated_at") VALUES (?, ?, ?)
/Users/zhangjingyuan/Desktop/project2_610220/vendor/cache/ruby/2.1.0/gems/sqlite3-1.3.10/lib/sqlite3/statement.rb:108:in `step'
/Users/zhangjingyuan/Desktop/project2_610220/vendor/cache/ruby/2.1.0/gems/sqlite3-1.3.10/lib/sqlite3/statement.rb:108:in `block in each'
/Users/zhangjingyuan/Desktop/project2_610220/vendor/cache/ruby/2.1.0/gems/sqlite3-1.3.10/lib/sqlite3/statement.rb:107:in `loop'
/Users/zhangjingyuan/Desktop/project2_610220/vendor/cache/ruby/2.1.0/gems/sqlite3-1.3.10/lib/sqlite3/statement.rb:107:in `each'
/Users/zhangjingyuan/Desktop/project2_610220/vendor/cache/ruby/2.1.0/gems/activerecord-4.2.1/lib/active_record/connection_adapters/sqlite3_adapter.rb:314:in `to_a'
/Users/zhangjingyuan/Desktop/project2_610220/vendor/cache/ruby/2.1.0/gems/activerecord-4.2.1/lib/active_record/connection_adapters/sqlite3_adapter.rb:314:in `block in exec_query'
/Users/zhangjingyuan/Desktop/project2_610220/vendor/cache/ruby/2.1.0/gems/activerecord-4.2.1/lib/active_record/connection_adapters/abstract_adapter.rb:473:in `block in log'
/Users/zhangjingyuan/Desktop/project2_610220/vendor/cache/ruby/2.1.0/gems/activesupport-4.2.1/lib/active_support/notifications/instrumenter.rb:20:in `instrument'
/Users/zhangjingyuan/Desktop/project2_610220/vendor/cache/ruby/2.1.0/gems/activerecord-4.2.1/lib/active_record/connection_adapters/abstract_adapter.rb:467:in `log'
/Users/zhangjingyuan/Desktop/project2_610220/vendor/cache/ruby/2.1.0/gems/activerecord-4.2.1/lib/active_record/connection_adapters/sqlite3_adapter.rb:293:in `exec_query'
/Users/zhangjingyuan/Desktop/project2_610220/vendor/cache/ruby/2.1.0/gems/activerecord-4.2.1/lib/active_record/connection_adapters/abstract/database_statements.rb:76:in `exec_insert'
/Users/zhangjingyuan/Desktop/project2_610220/vendor/cache/ruby/2.1.0/gems/activerecord-4.2.1/lib/active_record/connection_adapters/abstract/database_statements.rb:108:in `insert'
/Users/zhangjingyuan/Desktop/project2_610220/vendor/cache/ruby/2.1.0/gems/activerecord-4.2.1/lib/active_record/connection_adapters/abstract/query_cache.rb:14:in `insert'
/Users/zhangjingyuan/Desktop/project2_610220/vendor/cache/ruby/2.1.0/gems/activerecord-4.2.1/lib/active_record/relation.rb:64:in `insert'
/Users/zhangjingyuan/Desktop/project2_610220/vendor/cache/ruby/2.1.0/gems/activerecord-4.2.1/lib/active_record/persistence.rb:522:in `_create_record'
/Users/zhangjingyuan/Desktop/project2_610220/vendor/cache/ruby/2.1.0/gems/activerecord-4.2.1/lib/active_record/counter_cache.rb:139:in `_create_record'
/Users/zhangjingyuan/Desktop/project2_610220/vendor/cache/ruby/2.1.0/gems/activerecord-4.2.1/lib/active_record/locking/optimistic.rb:75:in `_create_record'
/Users/zhangjingyuan/Desktop/project2_610220/vendor/cache/ruby/2.1.0/gems/activerecord-4.2.1/lib/active_record/attribute_methods/dirty.rb:131:in `_create_record'
/Users/zhangjingyuan/Desktop/project2_610220/vendor/cache/ruby/2.1.0/gems/activerecord-4.2.1/lib/active_record/callbacks.rb:306:in `block in _create_record'
/Users/zhangjingyuan/Desktop/project2_610220/vendor/cache/ruby/2.1.0/gems/activesupport-4.2.1/lib/active_support/callbacks.rb:88:in `call'
/Users/zhangjingyuan/Desktop/project2_610220/vendor/cache/ruby/2.1.0/gems/activesupport-4.2.1/lib/active_support/callbacks.rb:88:in `_run_callbacks'
/Users/zhangjingyuan/Desktop/project2_610220/vendor/cache/ruby/2.1.0/gems/activesupport-4.2.1/lib/active_support/callbacks.rb:776:in `_run_create_callbacks'
/Users/zhangjingyuan/Desktop/project2_610220/vendor/cache/ruby/2.1.0/gems/activerecord-4.2.1/lib/active_record/callbacks.rb:306:in `_create_record'
/Users/zhangjingyuan/Desktop/project2_610220/vendor/cache/ruby/2.1.0/gems/activerecord-4.2.1/lib/active_record/timestamp.rb:57:in `_create_record'
/Users/zhangjingyuan/Desktop/project2_610220/vendor/cache/ruby/2.1.0/gems/activerecord-4.2.1/lib/active_record/persistence.rb:502:in `create_or_update'
/Users/zhangjingyuan/Desktop/project2_610220/vendor/cache/ruby/2.1.0/gems/activerecord-4.2.1/lib/active_record/callbacks.rb:302:in `block in create_or_update'
/Users/zhangjingyuan/Desktop/project2_610220/vendor/cache/ruby/2.1.0/gems/activesupport-4.2.1/lib/active_support/callbacks.rb:88:in `call'
/Users/zhangjingyuan/Desktop/project2_610220/vendor/cache/ruby/2.1.0/gems/activesupport-4.2.1/lib/active_support/callbacks.rb:88:in `_run_callbacks'
/Users/zhangjingyuan/Desktop/project2_610220/vendor/cache/ruby/2.1.0/gems/activesupport-4.2.1/lib/active_support/callbacks.rb:776:in `_run_save_callbacks'
/Users/zhangjingyuan/Desktop/project2_610220/vendor/cache/ruby/2.1.0/gems/activerecord-4.2.1/lib/active_record/callbacks.rb:302:in `create_or_update'
/Users/zhangjingyuan/Desktop/project2_610220/vendor/cache/ruby/2.1.0/gems/activerecord-4.2.1/lib/active_record/persistence.rb:120:in `save'
/Users/zhangjingyuan/Desktop/project2_610220/vendor/cache/ruby/2.1.0/gems/activerecord-4.2.1/lib/active_record/validations.rb:37:in `save'
/Users/zhangjingyuan/Desktop/project2_610220/vendor/cache/ruby/2.1.0/gems/activerecord-4.2.1/lib/active_record/attribute_methods/dirty.rb:21:in `save'
/Users/zhangjingyuan/Desktop/project2_610220/vendor/cache/ruby/2.1.0/gems/activerecord-4.2.1/lib/active_record/transactions.rb:286:in `block (2 levels) in save'
/Users/zhangjingyuan/Desktop/project2_610220/vendor/cache/ruby/2.1.0/gems/activerecord-4.2.1/lib/active_record/transactions.rb:347:in `block in with_transaction_returning_status'
/Users/zhangjingyuan/Desktop/project2_610220/vendor/cache/ruby/2.1.0/gems/activerecord-4.2.1/lib/active_record/connection_adapters/abstract/database_statements.rb:211:in `transaction'
/Users/zhangjingyuan/Desktop/project2_610220/vendor/cache/ruby/2.1.0/gems/activerecord-4.2.1/lib/active_record/transactions.rb:220:in `transaction'
/Users/zhangjingyuan/Desktop/project2_610220/vendor/cache/ruby/2.1.0/gems/activerecord-4.2.1/lib/active_record/transactions.rb:344:in `with_transaction_returning_status'
/Users/zhangjingyuan/Desktop/project2_610220/vendor/cache/ruby/2.1.0/gems/activerecord-4.2.1/lib/active_record/transactions.rb:286:in `block in save'
/Users/zhangjingyuan/Desktop/project2_610220/vendor/cache/ruby/2.1.0/gems/activerecord-4.2.1/lib/active_record/transactions.rb:301:in `rollback_active_record_state!'
/Users/zhangjingyuan/Desktop/project2_610220/vendor/cache/ruby/2.1.0/gems/activerecord-4.2.1/lib/active_record/transactions.rb:285:in `save'
/Users/zhangjingyuan/Desktop/project2_610220/vendor/cache/ruby/2.1.0/gems/activerecord-4.2.1/lib/active_record/autosave_association.rb:441:in `save_belongs_to_association'
/Users/zhangjingyuan/Desktop/project2_610220/vendor/cache/ruby/2.1.0/gems/activerecord-4.2.1/lib/active_record/autosave_association.rb:201:in `block in add_autosave_association_callbacks'
/Users/zhangjingyuan/Desktop/project2_610220/vendor/cache/ruby/2.1.0/gems/activerecord-4.2.1/lib/active_record/autosave_association.rb:157:in `instance_eval'
/Users/zhangjingyuan/Desktop/project2_610220/vendor/cache/ruby/2.1.0/gems/activerecord-4.2.1/lib/active_record/autosave_association.rb:157:in `block in define_non_cyclic_method'
/Users/zhangjingyuan/Desktop/project2_610220/vendor/cache/ruby/2.1.0/gems/activesupport-4.2.1/lib/active_support/callbacks.rb:432:in `block in make_lambda'
/Users/zhangjingyuan/Desktop/project2_610220/vendor/cache/ruby/2.1.0/gems/activesupport-4.2.1/lib/active_support/callbacks.rb:164:in `call'
/Users/zhangjingyuan/Desktop/project2_610220/vendor/cache/ruby/2.1.0/gems/activesupport-4.2.1/lib/active_support/callbacks.rb:164:in `block in halting'
/Users/zhangjingyuan/Desktop/project2_610220/vendor/cache/ruby/2.1.0/gems/activesupport-4.2.1/lib/active_support/callbacks.rb:504:in `call'
/Users/zhangjingyuan/Desktop/project2_610220/vendor/cache/ruby/2.1.0/gems/activesupport-4.2.1/lib/active_support/callbacks.rb:504:in `block in call'
/Users/zhangjingyuan/Desktop/project2_610220/vendor/cache/ruby/2.1.0/gems/activesupport-4.2.1/lib/active_support/callbacks.rb:504:in `each'
/Users/zhangjingyuan/Desktop/project2_610220/vendor/cache/ruby/2.1.0/gems/activesupport-4.2.1/lib/active_support/callbacks.rb:504:in `call'
/Users/zhangjingyuan/Desktop/project2_610220/vendor/cache/ruby/2.1.0/gems/activesupport-4.2.1/lib/active_support/callbacks.rb:92:in `_run_callbacks'
/Users/zhangjingyuan/Desktop/project2_610220/vendor/cache/ruby/2.1.0/gems/activesupport-4.2.1/lib/active_support/callbacks.rb:776:in `_run_save_callbacks'
/Users/zhangjingyuan/Desktop/project2_610220/vendor/cache/ruby/2.1.0/gems/activerecord-4.2.1/lib/active_record/callbacks.rb:302:in `create_or_update'
/Users/zhangjingyuan/Desktop/project2_610220/vendor/cache/ruby/2.1.0/gems/activerecord-4.2.1/lib/active_record/persistence.rb:120:in `save'
/Users/zhangjingyuan/Desktop/project2_610220/vendor/cache/ruby/2.1.0/gems/activerecord-4.2.1/lib/active_record/validations.rb:37:in `save'
/Users/zhangjingyuan/Desktop/project2_610220/vendor/cache/ruby/2.1.0/gems/activerecord-4.2.1/lib/active_record/attribute_methods/dirty.rb:21:in `save'
/Users/zhangjingyuan/Desktop/project2_610220/vendor/cache/ruby/2.1.0/gems/activerecord-4.2.1/lib/active_record/transactions.rb:286:in `block (2 levels) in save'
/Users/zhangjingyuan/Desktop/project2_610220/vendor/cache/ruby/2.1.0/gems/activerecord-4.2.1/lib/active_record/transactions.rb:347:in `block in with_transaction_returning_status'
/Users/zhangjingyuan/Desktop/project2_610220/vendor/cache/ruby/2.1.0/gems/activerecord-4.2.1/lib/active_record/connection_adapters/abstract/database_statements.rb:213:in `block in transaction'
/Users/zhangjingyuan/Desktop/project2_610220/vendor/cache/ruby/2.1.0/gems/activerecord-4.2.1/lib/active_record/connection_adapters/abstract/transaction.rb:188:in `within_new_transaction'
/Users/zhangjingyuan/Desktop/project2_610220/vendor/cache/ruby/2.1.0/gems/activerecord-4.2.1/lib/active_record/connection_adapters/abstract/database_statements.rb:213:in `transaction'
/Users/zhangjingyuan/Desktop/project2_610220/vendor/cache/ruby/2.1.0/gems/activerecord-4.2.1/lib/active_record/transactions.rb:220:in `transaction'
/Users/zhangjingyuan/Desktop/project2_610220/vendor/cache/ruby/2.1.0/gems/activerecord-4.2.1/lib/active_record/transactions.rb:344:in `with_transaction_returning_status'
/Users/zhangjingyuan/Desktop/project2_610220/vendor/cache/ruby/2.1.0/gems/activerecord-4.2.1/lib/active_record/transactions.rb:286:in `block in save'
/Users/zhangjingyuan/Desktop/project2_610220/vendor/cache/ruby/2.1.0/gems/activerecord-4.2.1/lib/active_record/transactions.rb:301:in `rollback_active_record_state!'
/Users/zhangjingyuan/Desktop/project2_610220/vendor/cache/ruby/2.1.0/gems/activerecord-4.2.1/lib/active_record/transactions.rb:285:in `save'
/Users/zhangjingyuan/Desktop/project2_610220/app/controllers/weather_controller.rb:93:in `block in retrieve_forecast'
/Users/zhangjingyuan/Desktop/project2_610220/app/controllers/weather_controller.rb:61:in `each'
/Users/zhangjingyuan/Desktop/project2_610220/app/controllers/weather_controller.rb:61:in `retrieve_forecast'
/Users/zhangjingyuan/Desktop/project2_610220/lib/tasks/data.rake:17:in `block (2 levels) in <top (required)>'
SQLite3::ReadOnlyException: attempt to write a readonly database
/Users/zhangjingyuan/Desktop/project2_610220/vendor/cache/ruby/2.1.0/gems/sqlite3-1.3.10/lib/sqlite3/statement.rb:108:in `step'
/Users/zhangjingyuan/Desktop/project2_610220/vendor/cache/ruby/2.1.0/gems/sqlite3-1.3.10/lib/sqlite3/statement.rb:108:in `block in each'
/Users/zhangjingyuan/Desktop/project2_610220/vendor/cache/ruby/2.1.0/gems/sqlite3-1.3.10/lib/sqlite3/statement.rb:107:in `loop'
/Users/zhangjingyuan/Desktop/project2_610220/vendor/cache/ruby/2.1.0/gems/sqlite3-1.3.10/lib/sqlite3/statement.rb:107:in `each'
/Users/zhangjingyuan/Desktop/project2_610220/vendor/cache/ruby/2.1.0/gems/activerecord-4.2.1/lib/active_record/connection_adapters/sqlite3_adapter.rb:314:in `to_a'
/Users/zhangjingyuan/Desktop/project2_610220/vendor/cache/ruby/2.1.0/gems/activerecord-4.2.1/lib/active_record/connection_adapters/sqlite3_adapter.rb:314:in `block in exec_query'
/Users/zhangjingyuan/Desktop/project2_610220/vendor/cache/ruby/2.1.0/gems/activerecord-4.2.1/lib/active_record/connection_adapters/abstract_adapter.rb:473:in `block in log'
/Users/zhangjingyuan/Desktop/project2_610220/vendor/cache/ruby/2.1.0/gems/activesupport-4.2.1/lib/active_support/notifications/instrumenter.rb:20:in `instrument'
/Users/zhangjingyuan/Desktop/project2_610220/vendor/cache/ruby/2.1.0/gems/activerecord-4.2.1/lib/active_record/connection_adapters/abstract_adapter.rb:467:in `log'
/Users/zhangjingyuan/Desktop/project2_610220/vendor/cache/ruby/2.1.0/gems/activerecord-4.2.1/lib/active_record/connection_adapters/sqlite3_adapter.rb:293:in `exec_query'
/Users/zhangjingyuan/Desktop/project2_610220/vendor/cache/ruby/2.1.0/gems/activerecord-4.2.1/lib/active_record/connection_adapters/abstract/database_statements.rb:76:in `exec_insert'
/Users/zhangjingyuan/Desktop/project2_610220/vendor/cache/ruby/2.1.0/gems/activerecord-4.2.1/lib/active_record/connection_adapters/abstract/database_statements.rb:108:in `insert'
/Users/zhangjingyuan/Desktop/project2_610220/vendor/cache/ruby/2.1.0/gems/activerecord-4.2.1/lib/active_record/connection_adapters/abstract/query_cache.rb:14:in `insert'
/Users/zhangjingyuan/Desktop/project2_610220/vendor/cache/ruby/2.1.0/gems/activerecord-4.2.1/lib/active_record/relation.rb:64:in `insert'
/Users/zhangjingyuan/Desktop/project2_610220/vendor/cache/ruby/2.1.0/gems/activerecord-4.2.1/lib/active_record/persistence.rb:522:in `_create_record'
/Users/zhangjingyuan/Desktop/project2_610220/vendor/cache/ruby/2.1.0/gems/activerecord-4.2.1/lib/active_record/counter_cache.rb:139:in `_create_record'
/Users/zhangjingyuan/Desktop/project2_610220/vendor/cache/ruby/2.1.0/gems/activerecord-4.2.1/lib/active_record/locking/optimistic.rb:75:in `_create_record'
/Users/zhangjingyuan/Desktop/project2_610220/vendor/cache/ruby/2.1.0/gems/activerecord-4.2.1/lib/active_record/attribute_methods/dirty.rb:131:in `_create_record'
/Users/zhangjingyuan/Desktop/project2_610220/vendor/cache/ruby/2.1.0/gems/activerecord-4.2.1/lib/active_record/callbacks.rb:306:in `block in _create_record'
/Users/zhangjingyuan/Desktop/project2_610220/vendor/cache/ruby/2.1.0/gems/activesupport-4.2.1/lib/active_support/callbacks.rb:88:in `call'
/Users/zhangjingyuan/Desktop/project2_610220/vendor/cache/ruby/2.1.0/gems/activesupport-4.2.1/lib/active_support/callbacks.rb:88:in `_run_callbacks'
/Users/zhangjingyuan/Desktop/project2_610220/vendor/cache/ruby/2.1.0/gems/activesupport-4.2.1/lib/active_support/callbacks.rb:776:in `_run_create_callbacks'
/Users/zhangjingyuan/Desktop/project2_610220/vendor/cache/ruby/2.1.0/gems/activerecord-4.2.1/lib/active_record/callbacks.rb:306:in `_create_record'
/Users/zhangjingyuan/Desktop/project2_610220/vendor/cache/ruby/2.1.0/gems/activerecord-4.2.1/lib/active_record/timestamp.rb:57:in `_create_record'
/Users/zhangjingyuan/Desktop/project2_610220/vendor/cache/ruby/2.1.0/gems/activerecord-4.2.1/lib/active_record/persistence.rb:502:in `create_or_update'
/Users/zhangjingyuan/Desktop/project2_610220/vendor/cache/ruby/2.1.0/gems/activerecord-4.2.1/lib/active_record/callbacks.rb:302:in `block in create_or_update'
/Users/zhangjingyuan/Desktop/project2_610220/vendor/cache/ruby/2.1.0/gems/activesupport-4.2.1/lib/active_support/callbacks.rb:88:in `call'
/Users/zhangjingyuan/Desktop/project2_610220/vendor/cache/ruby/2.1.0/gems/activesupport-4.2.1/lib/active_support/callbacks.rb:88:in `_run_callbacks'
/Users/zhangjingyuan/Desktop/project2_610220/vendor/cache/ruby/2.1.0/gems/activesupport-4.2.1/lib/active_support/callbacks.rb:776:in `_run_save_callbacks'
/Users/zhangjingyuan/Desktop/project2_610220/vendor/cache/ruby/2.1.0/gems/activerecord-4.2.1/lib/active_record/callbacks.rb:302:in `create_or_update'
/Users/zhangjingyuan/Desktop/project2_610220/vendor/cache/ruby/2.1.0/gems/activerecord-4.2.1/lib/active_record/persistence.rb:120:in `save'
/Users/zhangjingyuan/Desktop/project2_610220/vendor/cache/ruby/2.1.0/gems/activerecord-4.2.1/lib/active_record/validations.rb:37:in `save'
/Users/zhangjingyuan/Desktop/project2_610220/vendor/cache/ruby/2.1.0/gems/activerecord-4.2.1/lib/active_record/attribute_methods/dirty.rb:21:in `save'
/Users/zhangjingyuan/Desktop/project2_610220/vendor/cache/ruby/2.1.0/gems/activerecord-4.2.1/lib/active_record/transactions.rb:286:in `block (2 levels) in save'
/Users/zhangjingyuan/Desktop/project2_610220/vendor/cache/ruby/2.1.0/gems/activerecord-4.2.1/lib/active_record/transactions.rb:347:in `block in with_transaction_returning_status'
/Users/zhangjingyuan/Desktop/project2_610220/vendor/cache/ruby/2.1.0/gems/activerecord-4.2.1/lib/active_record/connection_adapters/abstract/database_statements.rb:211:in `transaction'
/Users/zhangjingyuan/Desktop/project2_610220/vendor/cache/ruby/2.1.0/gems/activerecord-4.2.1/lib/active_record/transactions.rb:220:in `transaction'
/Users/zhangjingyuan/Desktop/project2_610220/vendor/cache/ruby/2.1.0/gems/activerecord-4.2.1/lib/active_record/transactions.rb:344:in `with_transaction_returning_status'
/Users/zhangjingyuan/Desktop/project2_610220/vendor/cache/ruby/2.1.0/gems/activerecord-4.2.1/lib/active_record/transactions.rb:286:in `block in save'
/Users/zhangjingyuan/Desktop/project2_610220/vendor/cache/ruby/2.1.0/gems/activerecord-4.2.1/lib/active_record/transactions.rb:301:in `rollback_active_record_state!'
/Users/zhangjingyuan/Desktop/project2_610220/vendor/cache/ruby/2.1.0/gems/activerecord-4.2.1/lib/active_record/transactions.rb:285:in `save'
/Users/zhangjingyuan/Desktop/project2_610220/vendor/cache/ruby/2.1.0/gems/activerecord-4.2.1/lib/active_record/autosave_association.rb:441:in `save_belongs_to_association'
/Users/zhangjingyuan/Desktop/project2_610220/vendor/cache/ruby/2.1.0/gems/activerecord-4.2.1/lib/active_record/autosave_association.rb:201:in `block in add_autosave_association_callbacks'
/Users/zhangjingyuan/Desktop/project2_610220/vendor/cache/ruby/2.1.0/gems/activerecord-4.2.1/lib/active_record/autosave_association.rb:157:in `instance_eval'
/Users/zhangjingyuan/Desktop/project2_610220/vendor/cache/ruby/2.1.0/gems/activerecord-4.2.1/lib/active_record/autosave_association.rb:157:in `block in define_non_cyclic_method'
/Users/zhangjingyuan/Desktop/project2_610220/vendor/cache/ruby/2.1.0/gems/activesupport-4.2.1/lib/active_support/callbacks.rb:432:in `block in make_lambda'
/Users/zhangjingyuan/Desktop/project2_610220/vendor/cache/ruby/2.1.0/gems/activesupport-4.2.1/lib/active_support/callbacks.rb:164:in `call'
/Users/zhangjingyuan/Desktop/project2_610220/vendor/cache/ruby/2.1.0/gems/activesupport-4.2.1/lib/active_support/callbacks.rb:164:in `block in halting'
/Users/zhangjingyuan/Desktop/project2_610220/vendor/cache/ruby/2.1.0/gems/activesupport-4.2.1/lib/active_support/callbacks.rb:504:in `call'
/Users/zhangjingyuan/Desktop/project2_610220/vendor/cache/ruby/2.1.0/gems/activesupport-4.2.1/lib/active_support/callbacks.rb:504:in `block in call'
/Users/zhangjingyuan/Desktop/project2_610220/vendor/cache/ruby/2.1.0/gems/activesupport-4.2.1/lib/active_support/callbacks.rb:504:in `each'
/Users/zhangjingyuan/Desktop/project2_610220/vendor/cache/ruby/2.1.0/gems/activesupport-4.2.1/lib/active_support/callbacks.rb:504:in `call'
/Users/zhangjingyuan/Desktop/project2_610220/vendor/cache/ruby/2.1.0/gems/activesupport-4.2.1/lib/active_support/callbacks.rb:92:in `_run_callbacks'
/Users/zhangjingyuan/Desktop/project2_610220/vendor/cache/ruby/2.1.0/gems/activesupport-4.2.1/lib/active_support/callbacks.rb:776:in `_run_save_callbacks'
/Users/zhangjingyuan/Desktop/project2_610220/vendor/cache/ruby/2.1.0/gems/activerecord-4.2.1/lib/active_record/callbacks.rb:302:in `create_or_update'
/Users/zhangjingyuan/Desktop/project2_610220/vendor/cache/ruby/2.1.0/gems/activerecord-4.2.1/lib/active_record/persistence.rb:120:in `save'
/Users/zhangjingyuan/Desktop/project2_610220/vendor/cache/ruby/2.1.0/gems/activerecord-4.2.1/lib/active_record/validations.rb:37:in `save'
/Users/zhangjingyuan/Desktop/project2_610220/vendor/cache/ruby/2.1.0/gems/activerecord-4.2.1/lib/active_record/attribute_methods/dirty.rb:21:in `save'
/Users/zhangjingyuan/Desktop/project2_610220/vendor/cache/ruby/2.1.0/gems/activerecord-4.2.1/lib/active_record/transactions.rb:286:in `block (2 levels) in save'
/Users/zhangjingyuan/Desktop/project2_610220/vendor/cache/ruby/2.1.0/gems/activerecord-4.2.1/lib/active_record/transactions.rb:347:in `block in with_transaction_returning_status'
/Users/zhangjingyuan/Desktop/project2_610220/vendor/cache/ruby/2.1.0/gems/activerecord-4.2.1/lib/active_record/connection_adapters/abstract/database_statements.rb:213:in `block in transaction'
/Users/zhangjingyuan/Desktop/project2_610220/vendor/cache/ruby/2.1.0/gems/activerecord-4.2.1/lib/active_record/connection_adapters/abstract/transaction.rb:188:in `within_new_transaction'
/Users/zhangjingyuan/Desktop/project2_610220/vendor/cache/ruby/2.1.0/gems/activerecord-4.2.1/lib/active_record/connection_adapters/abstract/database_statements.rb:213:in `transaction'
/Users/zhangjingyuan/Desktop/project2_610220/vendor/cache/ruby/2.1.0/gems/activerecord-4.2.1/lib/active_record/transactions.rb:220:in `transaction'
/Users/zhangjingyuan/Desktop/project2_610220/vendor/cache/ruby/2.1.0/gems/activerecord-4.2.1/lib/active_record/transactions.rb:344:in `with_transaction_returning_status'
/Users/zhangjingyuan/Desktop/project2_610220/vendor/cache/ruby/2.1.0/gems/activerecord-4.2.1/lib/active_record/transactions.rb:286:in `block in save'
/Users/zhangjingyuan/Desktop/project2_610220/vendor/cache/ruby/2.1.0/gems/activerecord-4.2.1/lib/active_record/transactions.rb:301:in `rollback_active_record_state!'
/Users/zhangjingyuan/Desktop/project2_610220/vendor/cache/ruby/2.1.0/gems/activerecord-4.2.1/lib/active_record/transactions.rb:285:in `save'
/Users/zhangjingyuan/Desktop/project2_610220/app/controllers/weather_controller.rb:93:in `block in retrieve_forecast'
/Users/zhangjingyuan/Desktop/project2_610220/app/controllers/weather_controller.rb:61:in `each'
/Users/zhangjingyuan/Desktop/project2_610220/app/controllers/weather_controller.rb:61:in `retrieve_forecast'
/Users/zhangjingyuan/Desktop/project2_610220/lib/tasks/data.rake:17:in `block (2 levels) in <top (required)>'
Tasks: TOP => data:fetch
(See full trace by running task with --trace)
rake aborted!
SocketError: getaddrinfo: nodename nor servname provided, or not known
/Users/zhangjingyuan/Desktop/project2_610220/app/controllers/weather_controller.rb:18:in `block in retrieve_bom'
/Users/zhangjingyuan/Desktop/project2_610220/vendor/cache/ruby/2.1.0/gems/activerecord-4.2.1/lib/active_record/relation/delegation.rb:46:in `each'
/Users/zhangjingyuan/Desktop/project2_610220/vendor/cache/ruby/2.1.0/gems/activerecord-4.2.1/lib/active_record/relation/delegation.rb:46:in `each'
/Users/zhangjingyuan/Desktop/project2_610220/app/controllers/weather_controller.rb:16:in `retrieve_bom'
/Users/zhangjingyuan/Desktop/project2_610220/lib/tasks/data.rake:15:in `block (2 levels) in <top (required)>'
Tasks: TOP => data:fetch
(See full trace by running task with --trace)
rake aborted!
SignalException: SIGTERM
/Users/zhangjingyuan/Desktop/project2_610220/app/controllers/weather_controller.rb:63:in `block in retrieve_forecast'
/Users/zhangjingyuan/Desktop/project2_610220/app/controllers/weather_controller.rb:60:in `each'
/Users/zhangjingyuan/Desktop/project2_610220/app/controllers/weather_controller.rb:60:in `retrieve_forecast'
/Users/zhangjingyuan/Desktop/project2_610220/lib/tasks/data.rake:17:in `block (2 levels) in <top (required)>'
Tasks: TOP => data:fetch
(See full trace by running task with --trace)
