2015-04-22 19:47:04 +1000 - Start!
20
2015-04-22 19:47:04 +1000 - Start!
2015-04-22 19:51:02 +1000 - Start!
2015-04-22 19:56:43 +1000 - Start!
2015-04-22 20:01:01 +1000 - Start!
2015-04-22 20:02:29 +1000 - Start!
2015-04-22 20:12:02 +1000 - Start!
2015-04-22 20:13:38 +1000 - Start!
2015-04-22 20:22:02 +1000 - Start!
2015-04-22 20:23:58 +1000 - Start!
2015-04-22 20:32:02 +1000 - Start!
2015-04-22 20:34:33 +1000 - Start!
2015-04-22 20:42:02 +1000 - Start!
2015-04-22 20:44:18 +1000 - Start!
2015-04-22 20:52:02 +1000 - Start!
2015-04-22 20:52:31 +1000 - Start!
2015-04-22 21:02:02 +1000 - Start!
2015-04-22 21:02:31 +1000 - Start!
2015-04-22 21:12:02 +1000 - Start!
2015-04-22 21:12:31 +1000 - Start!
2015-04-22 21:22:02 +1000 - Start!
2015-04-22 21:22:31 +1000 - Start!
2015-04-22 21:32:02 +1000 - Start!
2015-04-22 21:32:32 +1000 - Start!
2015-04-22 21:42:02 +1000 - Start!
2015-04-22 21:42:33 +1000 - Start!
2015-04-22 22:12:02 +1000 - Start!
2015-04-22 22:12:48 +1000 - Start!
2015-04-22 22:22:02 +1000 - Start!
2015-04-22 22:22:46 +1000 - Start!
2015-04-22 22:32:02 +1000 - Start!
2015-04-22 22:32:47 +1000 - Start!
2015-04-22 22:42:02 +1000 - Start!
2015-04-22 22:43:04 +1000 - Start!
2015-04-22 22:52:02 +1000 - Start!
2015-04-22 22:52:45 +1000 - Start!
2015-04-22 23:02:02 +1000 - Start!
2015-04-22 23:02:49 +1000 - Start!
2015-04-22 23:12:01 +1000 - Start!
2015-04-22 23:12:43 +1000 - Start!
2015-04-22 23:22:02 +1000 - Start!
2015-04-22 23:22:49 +1000 - Start!
2015-04-22 23:32:02 +1000 - Start!
2015-04-22 23:32:46 +1000 - Start!
2015-04-22 23:42:01 +1000 - Start!
2015-04-22 23:42:46 +1000 - Start!
2015-04-22 23:52:02 +1000 - Start!
2015-04-22 23:52:43 +1000 - Start!
2015-04-23 00:02:01 +1000 - Start!
2015-04-23 00:02:46 +1000 - Start!
2015-04-23 10:42:03 +1000 - Start!
2015-04-23 14:32:02 +1000 - Start!
2015-04-23 14:32:31 +1000 - Start!
2015-04-23 14:42:02 +1000 - Start!
2015-04-23 14:42:36 +1000 - Start!
2015-04-23 14:52:02 +1000 - Start!
2015-04-23 14:52:32 +1000 - Start!
2015-04-23 15:02:02 +1000 - Start!
2015-04-23 15:02:31 +1000 - Start!
2015-04-23 18:12:02 +1000 - Start!
2015-04-23 18:12:41 +1000 - end!
2015-04-23 18:22:02 +1000 - Start!
2015-04-23 18:22:36 +1000 - end!
2015-04-23 18:32:02 +1000 - Start!
2015-04-23 18:32:41 +1000 - end!
2015-04-24 09:42:01 +1000 - Start!
2015-04-24 09:42:52 +1000 - end!
2015-04-24 10:42:02 +1000 - Start!
2015-04-24 10:42:50 +1000 - end!
2015-04-24 15:31:02 +1000 - Start!
http://www.bom.gov.au/vic/observations/melbourne.shtml
2015-04-24 15:41:02 +1000 - Start!
2015-04-24 17:42:02 +1000 - Start!
2015-04-24 17:42:02 +1000 - end!
2015-04-24 17:43:02 +1000 - Start!
2015-04-24 17:43:02 +1000 - end!
2015-04-24 17:50:03 +1000 - Start!
http://www.bom.gov.au/vic/observations/melbourne.shtml
2015-04-24 17:51:02 +1000 - Start!
http://www.bom.gov.au/vic/observations/melbourne.shtml
2015-04-24 17:57:01 +1000 - Start!
http://www.bom.gov.au/vic/observations/melbourne.shtml
2015-04-24 17:57:38 +1000 - end!
2015-04-24 17:58:02 +1000 - Start!
http://www.bom.gov.au/vic/observations/melbourne.shtml
2015-04-24 17:59:02 +1000 - Start!
http://www.bom.gov.au/vic/observations/melbourne.shtml
2015-04-24 18:01:02 +1000 - Start!
2015-04-24 18:02:02 +1000 - Start!
2015-04-24 18:03:02 +1000 - Start!
2015-04-24 18:04:02 +1000 - Start!
2015-04-24 18:05:02 +1000 - Start!
2015-04-24 18:06:02 +1000 - Start!
2015-04-24 18:14:02 +1000 - Start!
2015-04-24 18:15:14 +1000 - end!
2015-04-24 18:21:02 +1000 - Start!
2015-04-24 18:22:46 +1000 - end!
2015-04-24 18:31:02 +1000 - Start!
2015-04-24 18:32:23 +1000 - end!
2015-04-24 18:41:02 +1000 - Start!
from_9 9
0.1854
0.4242
0.6655
0.8865
1.077
1.2268999999999999
1.3284999999999998
1.4022
1.4707999999999999
from_9 9
0.0991
0.2185
0.3353
0.442
0.5385
0.6274
0.7138
0.8129
0.9551
from_9 9
0.1321
0.29969999999999997
0.4699
0.6248
0.762
0.8738
0.9551000000000001
1.0211000000000001
1.0744
from_9 9
0.0787
0.1854
0.3607
0.6299
0.9702999999999999
1.3437
1.7247
2.1132999999999997
2.5120999999999998
from_9 9
0.094
0.1905
0.28700000000000003
0.38350000000000006
0.47240000000000004
0.5486000000000001
0.6045
0.6477
0.6934
from_9 9
0.1499
0.3379
0.5563
0.8027
1.0542
1.2752000000000001
1.4479000000000002
1.5851000000000002
1.7121000000000002
from_9 9
0.1321
0.2972
0.46230000000000004
0.6096
0.7391000000000001
0.8509000000000001
0.9449000000000001
1.0338
1.143
from_9 9
0.2134
0.4877
0.7671
1.0186
1.232
1.3946
1.4962
1.5596999999999999
1.6104999999999998
from_9 9
0.1346
0.2921
0.4547
0.6147
0.7595000000000001
0.8738
0.9449000000000001
0.9881000000000001
1.0262
from_9 9
0.1702
0.3912
0.6476999999999999
0.9296
1.2217
1.496
1.7348
1.9506999999999999
2.1563999999999997
from_9 9
0.0787
0.1854
0.3327
0.5232
0.7366
0.9373
1.1049
1.2471
1.369
from_9 9
0.16
0.36319999999999997
0.5664
0.7442
0.8966
1.016
1.0998
1.1709
1.2522
from_9 9
0.2311
0.5283
0.8356
1.1175
1.3613
1.5415999999999999
1.6431999999999998
1.6914999999999998
1.6914999999999998
from_9 9
0.0
0.0406
0.1752
0.4495
0.8407
1.3081
1.8313000000000001
2.3977000000000004
2.9870000000000005
from_9 9
0.1219
0.2845
0.475
0.6858
0.8992
1.0897000000000001
1.2421000000000002
1.3691000000000002
1.4783000000000002
2015-04-24 18:42:02 +1000 - Start!
from_9 9
0.0
0.0559
0.1956
0.4547
0.7976
1.1532
1.4859
1.8009
2.1184
from_9 9
0.1549
0.34030000000000005
0.5308
0.7137
0.8763
1.0032999999999999
1.0845999999999998
1.1353999999999997
1.1785999999999996
from_9 9
0.1854
0.4242
0.6655
0.8865
1.077
1.2268999999999999
1.3284999999999998
1.4022
1.4707999999999999
from_9 9
0.0559
0.1169
0.1753
0.22860000000000003
0.22860000000000003
0.22860000000000003
0.2692
0.3149
0.3682
from_9 9
0.0991
0.2185
0.3353
0.442
0.5385
0.6274
0.7138
0.8129
0.9551
from_9 9
0.0889
0.221
0.43179999999999996
0.7391
1.1200999999999999
1.529
1.9429999999999998
2.3569999999999998
2.7659
from_9 9
0.1321
0.29969999999999997
0.4699
0.6248
0.762
0.8738
0.9551000000000001
1.0211000000000001
1.0744
from_9 9
0.1956
0.4471
0.7036
0.9347
1.1328
1.2877
1.3893
1.4579
1.5213999999999999
from_9 9
0.1346
0.29969999999999997
0.4648
0.6172
0.7544
0.8686999999999999
0.9575999999999999
1.0337999999999998
1.1124999999999998
2015-04-24 18:42:17 +1000 - end!
from_9 9
0.0787
0.1854
0.3607
0.6299
0.9702999999999999
1.3437
1.7247
2.1132999999999997
2.5120999999999998
from_9 9
0.094
0.1905
0.28700000000000003
0.38350000000000006
0.47240000000000004
0.5486000000000001
0.6045
0.6477
0.6934
from_9 9
0.1499
0.3379
0.5563
0.8027
1.0542
1.2752000000000001
1.4479000000000002
1.5851000000000002
1.7121000000000002
from_9 9
0.1321
0.2972
0.46230000000000004
0.6096
0.7391000000000001
0.8509000000000001
0.9449000000000001
1.0338
1.143
from_9 9
0.2134
0.4877
0.7671
1.0186
1.232
1.3946
1.4962
1.5596999999999999
1.6104999999999998
from_9 9
0.1346
0.2921
0.4547
0.6147
0.7595000000000001
0.8738
0.9449000000000001
0.9881000000000001
1.0262
from_9 9
0.1702
0.3912
0.6476999999999999
0.9296
1.2217
1.496
1.7348
1.9506999999999999
2.1563999999999997
from_9 9
0.0787
0.1854
0.3327
0.5232
0.7366
0.9373
1.1049
1.2471
1.369
from_9 9
0.16
0.36319999999999997
0.5664
0.7442
0.8966
1.016
1.0998
1.1709
1.2522
from_9 9
0.2311
0.5283
0.8356
1.1175
1.3613
1.5415999999999999
1.6431999999999998
1.6914999999999998
1.6914999999999998
2015-04-24 18:43:02 +1000 - Start!
2015-04-24 18:50:02 +1000 - Start!
2015-04-24 18:51:02 +1000 - Start!
2015-04-24 18:51:33 +1000 - end!
2015-04-24 18:57:03 +1000 - Start!
2015-04-24 18:57:36 +1000 - end!
2015-04-24 18:58:03 +1000 - Start!
2015-04-24 18:58:36 +1000 - end!
2015-04-24 18:59:02 +1000 - Start!
2015-04-24 18:59:32 +1000 - end!
2015-04-24 19:01:03 +1000 - Start!
2015-04-24 19:01:37 +1000 - end!
2015-04-24 19:03:03 +1000 - Start!
2015-04-24 19:05:03 +1000 - Start!
2015-04-24 19:05:38 +1000 - end!
2015-04-24 19:07:02 +1000 - Start!
2015-04-24 19:07:37 +1000 - end!
2015-04-24 19:11:02 +1000 - Start!
2015-04-24 19:11:32 +1000 - end!
2015-04-24 19:14:03 +1000 - Start!
2015-04-24 19:21:02 +1000 - Start!
2015-04-24 19:21:32 +1000 - end!
2015-04-24 19:31:02 +1000 - Start!
2015-04-24 19:31:39 +1000 - end!
2015-04-24 19:41:02 +1000 - Start!
2015-04-24 19:41:46 +1000 - end!
2015-04-24 19:42:01 +1000 - Start!
2015-04-24 19:42:33 +1000 - end!
2015-04-24 19:43:01 +1000 - Start!
2015-04-24 19:44:13 +1000 - end!
2015-04-24 19:50:02 +1000 - Start!
2015-04-24 19:50:39 +1000 - end!
2015-04-24 19:51:01 +1000 - Start!
2015-04-24 19:51:39 +1000 - end!
2015-04-24 19:57:02 +1000 - Start!
2015-04-24 19:57:39 +1000 - end!
2015-04-24 19:58:02 +1000 - Start!
2015-04-24 19:59:02 +1000 - Start!
2015-04-24 19:59:02 +1000 - end!
2015-04-24 19:59:38 +1000 - end!
2015-04-24 20:01:01 +1000 - Start!
2015-04-24 20:01:40 +1000 - end!
2015-04-24 20:03:02 +1000 - Start!
2015-04-24 20:05:02 +1000 - Start!
2015-04-24 20:05:39 +1000 - end!
2015-04-24 20:07:02 +1000 - Start!
2015-04-24 20:07:38 +1000 - end!
2015-04-24 20:11:02 +1000 - Start!
2015-04-24 20:11:52 +1000 - end!
